\BOOKMARK [0][-]{dummy.2}{\376\377\000C\000e\000r\000t\000i\000f\000i\000c\000a\000t\000e}{}% 1
\BOOKMARK [0][-]{dummy.3}{\376\377\000P\000r\000o\000j\000e\000c\000t\000\040\000R\000e\000p\000o\000r\000t\000\040\000A\000p\000p\000r\000o\000v\000a\000l}{}% 2
\BOOKMARK [0][-]{dummy.4}{\376\377\000D\000e\000c\000l\000a\000r\000a\000t\000i\000o\000n}{}% 3
\BOOKMARK [0][-]{dummy.5}{\376\377\000A\000b\000s\000t\000r\000a\000c\000t}{}% 4
\BOOKMARK [0][-]{dummy.6}{\376\377\000A\000c\000k\000n\000o\000w\000l\000e\000d\000g\000e\000m\000e\000n\000t\000s}{}% 5
\BOOKMARK [0][-]{dummy.7}{\376\377\000C\000o\000n\000t\000e\000n\000t\000s}{}% 6
\BOOKMARK [0][-]{dummy.9}{\376\377\000L\000i\000s\000t\000\040\000o\000f\000\040\000F\000i\000g\000u\000r\000e\000s}{}% 7
\BOOKMARK [0][-]{dummy.11}{\376\377\000L\000i\000s\000t\000\040\000o\000f\000\040\000T\000a\000b\000l\000e\000s}{}% 8
\BOOKMARK [0][-]{dummy.13}{\376\377\000A\000b\000b\000r\000e\000v\000i\000a\000t\000i\000o\000n\000s}{}% 9
\BOOKMARK [0][-]{dummy.16}{\376\377\000S\000y\000m\000b\000o\000l\000s}{}% 10
\BOOKMARK [0][-]{chapter.19}{\376\377\0001\000\040\000I\000N\000T\000R\000O\000D\000U\000C\000T\000I\000O\000N}{}% 11
\BOOKMARK [1][-]{section.20}{\376\377\0001\000.\0001\000\040\000I\000n\000t\000r\000o\000d\000u\000c\000t\000i\000o\000n}{chapter.19}% 12
\BOOKMARK [1][-]{section.21}{\376\377\0001\000.\0002\000\040\000O\000b\000j\000e\000c\000t\000i\000v\000e\000s}{chapter.19}% 13
\BOOKMARK [1][-]{section.22}{\376\377\0001\000.\0003\000\040\000P\000u\000r\000p\000o\000s\000e\000,\000\040\000S\000c\000o\000p\000e\000,\000\040\000a\000n\000d\000\040\000A\000p\000p\000l\000i\000c\000a\000b\000i\000l\000i\000t\000y}{chapter.19}% 14
\BOOKMARK [2][-]{subsection.23}{\376\377\0001\000.\0003\000.\0001\000\040\000P\000u\000r\000p\000o\000s\000e}{section.22}% 15
\BOOKMARK [2][-]{subsection.24}{\376\377\0001\000.\0003\000.\0002\000\040\000S\000c\000o\000p\000e}{section.22}% 16
\BOOKMARK [2][-]{subsection.25}{\376\377\0001\000.\0003\000.\0003\000\040\000A\000p\000p\000l\000i\000c\000a\000b\000i\000l\000i\000t\000y}{section.22}% 17
\BOOKMARK [1][-]{section.26}{\376\377\0001\000.\0004\000\040\000A\000c\000h\000i\000e\000v\000e\000m\000e\000n\000t\000s}{chapter.19}% 18
\BOOKMARK [1][-]{section.27}{\376\377\0001\000.\0005\000\040\000O\000r\000g\000a\000n\000i\000s\000a\000t\000i\000o\000n\000\040\000o\000f\000\040\000R\000e\000p\000o\000r\000t}{chapter.19}% 19
\BOOKMARK [0][-]{chapter.28}{\376\377\0002\000\040\000L\000I\000R\000E\000R\000A\000T\000U\000R\000E\000\040\000S\000U\000R\000V\000E\000Y}{}% 20
\BOOKMARK [0][-]{chapter.29}{\376\377\0003\000\040\000S\000U\000R\000V\000E\000Y\000\040\000O\000F\000\040\000T\000E\000C\000H\000N\000O\000L\000O\000G\000I\000E\000S}{}% 21
\BOOKMARK [0][-]{chapter.30}{\376\377\0004\000\040\000R\000E\000Q\000U\000I\000R\000E\000M\000E\000N\000T\000S\000\040\000A\000N\000D\000\040\000A\000N\000A\000L\000Y\000S\000I\000S}{}% 22
\BOOKMARK [1][-]{section.31}{\376\377\0004\000.\0001\000\040\000P\000r\000o\000b\000l\000e\000m\000\040\000D\000e\000f\000i\000n\000i\000t\000i\000o\000n}{chapter.30}% 23
\BOOKMARK [1][-]{section.32}{\376\377\0004\000.\0002\000\040\000R\000e\000q\000u\000i\000r\000e\000m\000e\000n\000t\000s\000\040\000S\000p\000e\000c\000i\000f\000i\000c\000a\000t\000i\000o\000n}{chapter.30}% 24
\BOOKMARK [1][-]{section.33}{\376\377\0004\000.\0003\000\040\000P\000l\000a\000n\000n\000i\000n\000g\000\040\000a\000n\000d\000\040\000S\000c\000h\000e\000d\000u\000l\000i\000n\000g}{chapter.30}% 25
\BOOKMARK [1][-]{section.34}{\376\377\0004\000.\0004\000\040\000S\000o\000f\000t\000w\000a\000r\000e\000\040\000a\000n\000d\000\040\000H\000a\000r\000d\000w\000a\000r\000e\000\040\000R\000e\000q\000u\000i\000r\000e\000m\000e\000n\000t\000s}{chapter.30}% 26
\BOOKMARK [1][-]{section.35}{\376\377\0004\000.\0005\000\040\000P\000r\000e\000l\000i\000m\000i\000n\000a\000r\000y\000\040\000P\000r\000o\000d\000u\000c\000t\000\040\000D\000e\000s\000c\000r\000i\000p\000t\000i\000o\000n}{chapter.30}% 27
\BOOKMARK [1][-]{section.36}{\376\377\0004\000.\0006\000\040\000C\000o\000n\000c\000e\000p\000t\000u\000a\000l\000\040\000M\000o\000d\000e\000l\000s}{chapter.30}% 28
\BOOKMARK [0][-]{chapter.37}{\376\377\0005\000\040\000S\000Y\000S\000T\000E\000M\000\040\000D\000E\000S\000I\000G\000N}{}% 29
\BOOKMARK [1][-]{section.38}{\376\377\0005\000.\0001\000\040\000B\000a\000s\000i\000c\000\040\000M\000o\000d\000u\000l\000e\000s}{chapter.37}% 30
\BOOKMARK [2][-]{subsection.39}{\376\377\0005\000.\0001\000.\0001\000\040\000L\000o\000g\000i\000c\000\040\000D\000i\000a\000g\000r\000a\000m\000s}{section.38}% 31
\BOOKMARK [2][-]{subsection.40}{\376\377\0005\000.\0001\000.\0002\000\040\000D\000a\000t\000a\000\040\000S\000t\000r\000u\000c\000t\000u\000r\000e\000s}{section.38}% 32
\BOOKMARK [2][-]{subsection.41}{\376\377\0005\000.\0001\000.\0003\000\040\000A\000l\000g\000o\000r\000i\000t\000h\000m\000s\000\040\000D\000e\000s\000i\000g\000n}{section.38}% 33
\BOOKMARK [1][-]{section.42}{\376\377\0005\000.\0002\000\040\000U\000s\000e\000r\000\040\000i\000n\000t\000e\000r\000f\000a\000c\000e\000\040\000d\000e\000s\000i\000g\000n}{chapter.37}% 34
\BOOKMARK [1][-]{section.43}{\376\377\0005\000.\0003\000\040\000S\000e\000c\000u\000r\000i\000t\000y\000\040\000I\000s\000s\000u\000e\000s}{chapter.37}% 35
\BOOKMARK [0][-]{chapter.44}{\376\377\0006\000\040\000C\000O\000N\000C\000L\000U\000S\000I\000O\000N\000S}{}% 36
\BOOKMARK [1][-]{section.45}{\376\377\0006\000.\0001\000\040\000C\000o\000n\000c\000l\000u\000s\000i\000o\000n}{chapter.44}% 37
\BOOKMARK [1][-]{section.46}{\376\377\0006\000.\0002\000\040\000L\000i\000m\000i\000t\000a\000t\000i\000o\000n\000s\000\040\000o\000f\000\040\000t\000h\000e\000\040\000S\000y\000s\000t\000e\000m}{chapter.44}% 38
\BOOKMARK [1][-]{section.47}{\376\377\0006\000.\0003\000\040\000F\000u\000t\000u\000r\000e\000\040\000S\000c\000o\000p\000e\000\040\000o\000f\000\040\000t\000h\000e\000\040\000P\000r\000o\000j\000e\000c\000t}{chapter.44}% 39
\BOOKMARK [0][-]{appendix.48}{\376\377\000A\000\040\000A\000p\000p\000e\000n\000d\000i\000x\000\040\000A}{}% 40
\BOOKMARK [0][-]{dummy.49}{\376\377\000B\000i\000b\000l\000i\000o\000g\000r\000a\000p\000h\000y}{}% 41
